<?xml version="1.0" encoding="UTF-8"?>
<!-- Generated by org.testng.reporters.JUnitReportReporter -->
<testsuite hostname="ASIF-PC" failures="0" tests="1" name="com.inetBanking.testCases.TC_LoginDDT_Test" time="9.226" errors="0" timestamp="2022-05-03T15:04:56 EDT" skipped="0">
  <testcase classname="com.inetBanking.testCases.TC_LoginDDT_Test" name="loginDDT" time="9.226"/>
  <system-out/>
</testsuite> <!-- com.inetBanking.testCases.TC_LoginDDT_Test -->
