<?xml version="1.0" encoding="UTF-8"?>
<!-- Generated by org.testng.reporters.JUnitReportReporter -->
<testsuite hostname="ASIF-PC" failures="0" tests="1" name="com.inetBanking.testCases.TC_AddCustomerTest_003" time="7.501" errors="0" timestamp="2022-05-03T19:17:27 EDT" skipped="0">
  <testcase classname="com.inetBanking.testCases.TC_AddCustomerTest_003" name="AddNewCustomer" time="7.501"/>
  <system-out/>
</testsuite> <!-- com.inetBanking.testCases.TC_AddCustomerTest_003 -->
