<?xml version="1.0" encoding="UTF-8"?>
<!-- Generated by org.testng.reporters.JUnitReportReporter -->
<testsuite hostname="ASIF-DESKTOP" failures="0" tests="1" name="com.inetBanking.testCases.TC_LoginTest_001" time="0.354" errors="0" timestamp="2022-06-13T20:58:24 EDT" skipped="0">
  <testcase classname="com.inetBanking.testCases.TC_LoginTest_001" name="loginTest" time="0.354"/>
  <system-out/>
</testsuite> <!-- com.inetBanking.testCases.TC_LoginTest_001 -->
