<?xml version="1.0" encoding="UTF-8"?>
<!-- Generated by org.testng.reporters.JUnitReportReporter -->
<testsuite hostname="ASIF-DESKTOP" failures="0" tests="1" name="com.inetBanking.testCases.TC_AddCustomerTest_003" time="10.198" errors="0" timestamp="2022-06-13T19:57:27 EDT" skipped="0">
  <testcase classname="com.inetBanking.testCases.TC_AddCustomerTest_003" name="AddNewCustomer" time="10.198"/>
  <system-out/>
</testsuite> <!-- com.inetBanking.testCases.TC_AddCustomerTest_003 -->
