<?xml version="1.0" encoding="UTF-8"?>
<!-- Generated by org.testng.reporters.JUnitReportReporter -->
<testsuite hostname="ASIF-PC" failures="0" tests="1" name="com.inetBanking.testCases.TC_GenerateUserTest_004" time="2.385" errors="0" timestamp="2022-05-06T21:46:10 EDT" skipped="0">
  <testcase classname="com.inetBanking.testCases.TC_GenerateUserTest_004" name="generateUser" time="2.385"/>
  <system-out/>
</testsuite> <!-- com.inetBanking.testCases.TC_GenerateUserTest_004 -->
